# JRE version: Java(TM) SE Runtime Environment (8.0_291-b10) (build 1.8.0_291-b10)
# Java VM: Java HotSpot(TM) 64-Bit Server VM (25.291-b10 mixed mode windows-amd64 compressed oops)
Heap:
 PSYoungGen      total 466432K, used 15879K [0x00000000d5580000, 0x00000000ff780000, 0x0000000100000000)
  eden space 428544K, 3% used [0x00000000d5580000,0x00000000d6501cf8,0x00000000ef800000)
  from space 37888K, 0% used [0x00000000ef800000,0x00000000ef800000,0x00000000f1d00000)
  to   space 38912K, 0% used [0x00000000fd180000,0x00000000fd180000,0x00000000ff780000)
 ParOldGen       total 211968K, used 50286K [0x0000000080000000, 0x000000008cf00000, 0x00000000d5580000)
  object space 211968K, 23% used [0x0000000080000000,0x000000008311b800,0x000000008cf00000)
 Metaspace       used 56306K, capacity 59362K, committed 59544K, reserved 1099776K
  class space    used 7690K, capacity 8414K, committed 8488K, reserved 1048576K
GC Heap History (10 events):
Event: 8.541 GC heap before
{Heap before GC invocations=10 (full 2):
 PSYoungGen      total 214528K, used 198656K [0x00000000d5580000, 0x00000000eb200000, 0x0000000100000000)
  eden space 198656K, 100% used [0x00000000d5580000,0x00000000e1780000,0x00000000e1780000)
  from space 15872K, 0% used [0x00000000e1780000,0x00000000e1780000,0x00000000e2700000)
  to   space 15360K, 0% used [0x00000000ea300000,0x00000000ea300000,0x00000000eb200000)
 ParOldGen       total 140288K, used 16566K [0x0000000080000000, 0x0000000088900000, 0x00000000d5580000)
  object space 140288K, 11% used [0x0000000080000000,0x000000008102d9d8,0x0000000088900000)
 Metaspace       used 36122K, capacity 37582K, committed 37800K, reserved 1081344K
  class space    used 5053K, capacity 5442K, committed 5544K, reserved 1048576K
Event: 8.594 GC heap after
Heap after GC invocations=10 (full 2):
 PSYoungGen      total 330752K, used 15337K [0x00000000d5580000, 0x00000000ecf80000, 0x0000000100000000)
  eden space 315392K, 0% used [0x00000000d5580000,0x00000000d5580000,0x00000000e8980000)
  from space 15360K, 99% used [0x00000000ea300000,0x00000000eb1fa518,0x00000000eb200000)
  to   space 26112K, 0% used [0x00000000e8980000,0x00000000e8980000,0x00000000ea300000)
 ParOldGen       total 140288K, used 37096K [0x0000000080000000, 0x0000000088900000, 0x00000000d5580000)
  object space 140288K, 26% used [0x0000000080000000,0x000000008243a180,0x0000000088900000)
 Metaspace       used 36122K, capacity 37582K, committed 37800K, reserved 1081344K
  class space    used 5053K, capacity 5442K, committed 5544K, reserved 1048576K
}
Event: 10.568 GC heap before
{Heap before GC invocations=11 (full 2):
 PSYoungGen      total 330752K, used 330729K [0x00000000d5580000, 0x00000000ecf80000, 0x0000000100000000)
  eden space 315392K, 100% used [0x00000000d5580000,0x00000000e8980000,0x00000000e8980000)
  from space 15360K, 99% used [0x00000000ea300000,0x00000000eb1fa518,0x00000000eb200000)
  to   space 26112K, 0% used [0x00000000e8980000,0x00000000e8980000,0x00000000ea300000)
 ParOldGen       total 140288K, used 37096K [0x0000000080000000, 0x0000000088900000, 0x00000000d5580000)
  object space 140288K, 26% used [0x0000000080000000,0x000000008243a180,0x0000000088900000)
 Metaspace       used 50899K, capacity 53574K, committed 53800K, reserved 1095680K
  class space    used 6962K, capacity 7595K, committed 7720K, reserved 1048576K
Event: 10.582 GC heap after
Heap after GC invocations=11 (full 2):
 PSYoungGen      total 341504K, used 23165K [0x00000000d5580000, 0x00000000f3900000, 0x0000000100000000)
  eden space 315392K, 0% used [0x00000000d5580000,0x00000000d5580000,0x00000000e8980000)
  from space 26112K, 88% used [0x00000000e8980000,0x00000000ea01f4a0,0x00000000ea300000)
  to   space 28672K, 0% used [0x00000000f1d00000,0x00000000f1d00000,0x00000000f3900000)
 ParOldGen       total 140288K, used 37104K [0x0000000080000000, 0x0000000088900000, 0x00000000d5580000)
  object space 140288K, 26% used [0x0000000080000000,0x000000008243c180,0x0000000088900000)
 Metaspace       used 50899K, capacity 53574K, committed 53800K, reserved 1095680K
  class space    used 6962K, capacity 7595K, committed 7720K, reserved 1048576K
}
Event: 14.759 GC heap before
{Heap before GC invocations=12 (full 2):
 PSYoungGen      total 341504K, used 338557K [0x00000000d5580000, 0x00000000f3900000, 0x0000000100000000)
  eden space 315392K, 100% used [0x00000000d5580000,0x00000000e8980000,0x00000000e8980000)
  from space 26112K, 88% used [0x00000000e8980000,0x00000000ea01f4a0,0x00000000ea300000)
  to   space 28672K, 0% used [0x00000000f1d00000,0x00000000f1d00000,0x00000000f3900000)
 ParOldGen       total 140288K, used 37104K [0x0000000080000000, 0x0000000088900000, 0x00000000d5580000)
  object space 140288K, 26% used [0x0000000080000000,0x000000008243c180,0x0000000088900000)
 Metaspace       used 55538K, capacity 58394K, committed 58536K, reserved 1099776K
  class space    used 7582K, capacity 8262K, committed 8360K, reserved 1048576K
Event: 14.804 GC heap after
Heap after GC invocations=12 (full 2):
 PSYoungGen      total 457216K, used 28650K [0x00000000d5580000, 0x00000000f4680000, 0x0000000100000000)
  eden space 428544K, 0% used [0x00000000d5580000,0x00000000d5580000,0x00000000ef800000)
  from space 28672K, 99% used [0x00000000f1d00000,0x00000000f38faae0,0x00000000f3900000)
  to   space 37888K, 0% used [0x00000000ef800000,0x00000000ef800000,0x00000000f1d00000)
 ParOldGen       total 140288K, used 51575K [0x0000000080000000, 0x0000000088900000, 0x00000000d5580000)
  object space 140288K, 36% used [0x0000000080000000,0x000000008325dc08,0x0000000088900000)
 Metaspace       used 55538K, capacity 58394K, committed 58536K, reserved 1099776K
  class space    used 7582K, capacity 8262K, committed 8360K, reserved 1048576K
}
Event: 15.603 GC heap before
{Heap before GC invocations=13 (full 2):
 PSYoungGen      total 457216K, used 139052K [0x00000000d5580000, 0x00000000f4680000, 0x0000000100000000)
  eden space 428544K, 25% used [0x00000000d5580000,0x00000000dc1506e0,0x00000000ef800000)
  from space 28672K, 99% used [0x00000000f1d00000,0x00000000f38faae0,0x00000000f3900000)
  to   space 37888K, 0% used [0x00000000ef800000,0x00000000ef800000,0x00000000f1d00000)
 ParOldGen       total 140288K, used 51575K [0x0000000080000000, 0x0000000088900000, 0x00000000d5580000)
  object space 140288K, 36% used [0x0000000080000000,0x000000008325dc08,0x0000000088900000)
 Metaspace       used 56075K, capacity 59098K, committed 59160K, reserved 1099776K
  class space    used 7652K, capacity 8358K, committed 8360K, reserved 1048576K
Event: 15.644 GC heap after
Heap after GC invocations=13 (full 2):
 PSYoungGen      total 466432K, used 25226K [0x00000000d5580000, 0x00000000ff780000, 0x0000000100000000)
  eden space 428544K, 0% used [0x00000000d5580000,0x00000000d5580000,0x00000000ef800000)
  from space 37888K, 66% used [0x00000000ef800000,0x00000000f10a2a10,0x00000000f1d00000)
  to   space 38912K, 0% used [0x00000000fd180000,0x00000000fd180000,0x00000000ff780000)
 ParOldGen       total 140288K, used 64157K [0x0000000080000000, 0x0000000088900000, 0x00000000d5580000)
  object space 140288K, 45% used [0x0000000080000000,0x0000000083ea7458,0x0000000088900000)
 Metaspace       used 56075K, capacity 59098K, committed 59160K, reserved 1099776K
  class space    used 7652K, capacity 8358K, committed 8360K, reserved 1048576K
}
Event: 15.644 GC heap before
{Heap before GC invocations=14 (full 3):
 PSYoungGen      total 466432K, used 25226K [0x00000000d5580000, 0x00000000ff780000, 0x0000000100000000)
  eden space 428544K, 0% used [0x00000000d5580000,0x00000000d5580000,0x00000000ef800000)
  from space 37888K, 66% used [0x00000000ef800000,0x00000000f10a2a10,0x00000000f1d00000)
  to   space 38912K, 0% used [0x00000000fd180000,0x00000000fd180000,0x00000000ff780000)
 ParOldGen       total 140288K, used 64157K [0x0000000080000000, 0x0000000088900000, 0x00000000d5580000)
  object space 140288K, 45% used [0x0000000080000000,0x0000000083ea7458,0x0000000088900000)
 Metaspace       used 56075K, capacity 59098K, committed 59160K, reserved 1099776K
  class space    used 7652K, capacity 8358K, committed 8360K, reserved 1048576K
Event: 15.799 GC heap after
Heap after GC invocations=14 (full 3):
 PSYoungGen      total 466432K, used 0K [0x00000000d5580000, 0x00000000ff780000, 0x0000000100000000)
  eden space 428544K, 0% used [0x00000000d5580000,0x00000000d5580000,0x00000000ef800000)
  from space 37888K, 0% used [0x00000000ef800000,0x00000000ef800000,0x00000000f1d00000)
  to   space 38912K, 0% used [0x00000000fd180000,0x00000000fd180000,0x00000000ff780000)
 ParOldGen       total 211968K, used 50286K [0x0000000080000000, 0x000000008cf00000, 0x00000000d5580000)
  object space 211968K, 23% used [0x0000000080000000,0x000000008311b800,0x000000008cf00000)
 Metaspace       used 56032K, capacity 58954K, committed 59160K, reserved 1099776K
  class space    used 7639K, capacity 8334K, committed 8360K, reserved 1048576K
}

